<?xml version="1.0" encoding="UTF-8"?>
<!-- Generated by org.testng.reporters.JUnitReportReporter -->
<testsuite hostname="aayarkar" failures="0" tests="1" name="BaseClass_makemytrip" time="23.294" errors="0" timestamp="2024-06-16T14:24:00 IST" skipped="0">
  <testcase classname="BaseClass_makemytrip" name="initialization" time="23.294"/>
</testsuite> <!-- BaseClass_makemytrip -->
