<?xml version="1.0" encoding="UTF-8"?>
<!-- Generated by org.testng.reporters.JUnitReportReporter -->
<testsuite hostname="aayarkar" failures="0" tests="1" name="TestCases.Flight_booking" time="15.757" errors="0" timestamp="2024-06-16T23:25:21 IST" skipped="0">
  <testcase classname="TestCases.Flight_booking" name="flightbook" time="15.757"/>
</testsuite> <!-- TestCases.Flight_booking -->
