<?xml version="1.0" encoding="UTF-8"?>
<!-- Generated by org.testng.reporters.JUnitReportReporter -->
<testsuite hostname="aayarkar" failures="0" tests="1" name="BaseClass_makemytrip" time="16.335" errors="0" timestamp="2024-06-16T02:32:16 IST" skipped="0">
  <testcase classname="BaseClass_makemytrip" name="initialization" time="16.335"/>
</testsuite> <!-- BaseClass_makemytrip -->
