<?xml version="1.0" encoding="UTF-8"?>
<!-- Generated by org.testng.reporters.JUnitReportReporter -->
<testsuite hostname="DESKTOP-APORDVE" failures="0" tests="1" name="TestCases.TC_01" time="11.381" errors="0" timestamp="2024-06-09T19:30:37 IST" skipped="0">
  <testcase classname="TestCases.TC_01" name="registation" time="11.381"/>
  <system-out/>
</testsuite> <!-- TestCases.TC_01 -->
