<?xml version="1.0" encoding="UTF-8"?>
<!-- Generated by org.testng.reporters.JUnitReportReporter -->
<testsuite hostname="aayarkar" failures="0" tests="1" name="TestCases.TC_01" time="9.906" errors="0" timestamp="2024-06-09T13:19:28 IST" skipped="0">
  <testcase classname="TestCases.TC_01" name="registation_int" time="9.906"/>
</testsuite> <!-- TestCases.TC_01 -->
