<?xml version="1.0" encoding="UTF-8"?>
<!-- Generated by org.testng.reporters.JUnitReportReporter -->
<testsuite hostname="aayarkar" failures="0" tests="1" name="TestCases.registation_testcases" time="11.105" errors="0" timestamp="2024-06-09T21:16:44 IST" skipped="0">
  <testcase classname="TestCases.registation_testcases" name="registation" time="11.105"/>
</testsuite> <!-- TestCases.registation_testcases -->
